<?xml version="1.0" encoding="UTF-8"?>
<!-- Generated by org.testng.reporters.JUnitXMLReporter -->
<testsuite ignored="0" hostname="ASUS" failures="2" tests="2" name="Negative Testing" time="68.687" errors="0" timestamp="2020-07-24T01:24:53 IST">
  <testcase classname="com.UrbanLadder.TestCases.Negative_Testing" name="Negative_Testing_SignUpPopup" time="14.603">
    <failure type="java.lang.AssertionError" message="Negative Testing SignUp PopUp #1 PASSED, Please enter a valid email address.">
      <![CDATA[java.lang.AssertionError: Negative Testing SignUp PopUp #1 PASSED, Please enter a valid email address.
at com.UrbanLadder.BaseClass.ReUseable_Classes.reportFail(ReUseable_Classes.java:46)
at com.UrbanLadder.BaseClass.Useable_Classes.negative_testing_SignupPopup(Useable_Classes.java:451)
at com.UrbanLadder.TestCases.Negative_Testing.Negative_Testing_SignUpPopup(Negative_Testing.java:45)
at java.base/java.util.ArrayList.forEach(ArrayList.java:1540)
... Removed 28 stack frames]]>
    </failure>
  </testcase> <!-- Negative_Testing_SignUpPopup -->
  <testcase classname="com.UrbanLadder.TestCases.Negative_Testing" name="Negative_Testing__TrackOrders" time="22.332">
    <failure type="java.lang.AssertionError" message="Negative Testing Track Orders #2 PASSED, Please enter valid 10 digit mobile number">
      <![CDATA[java.lang.AssertionError: Negative Testing Track Orders #2 PASSED, Please enter valid 10 digit mobile number
at com.UrbanLadder.BaseClass.ReUseable_Classes.reportFail(ReUseable_Classes.java:46)
at com.UrbanLadder.BaseClass.Useable_Classes.negative_testing_TrackOrders(Useable_Classes.java:522)
at com.UrbanLadder.TestCases.Negative_Testing.Negative_Testing__TrackOrders(Negative_Testing.java:67)
at java.base/java.util.ArrayList.forEach(ArrayList.java:1540)
... Removed 28 stack frames]]>
    </failure>
  </testcase> <!-- Negative_Testing__TrackOrders -->
</testsuite> <!-- Negative Testing -->
