<?xml version="1.0" encoding="UTF-8"?>
<!-- Generated by org.testng.reporters.JUnitXMLReporter -->
<testsuite ignored="0" hostname="ASUS" failures="2" tests="2" name="Negative Testing" time="66.373" errors="0" timestamp="23 Jul 2020 18:58:36 GMT">
  <testcase classname="com.UrbanLadder.TestCases.Negative_Testing" name="Negative_Testing_SignUpPopup" time="16.41">
    <failure type="java.lang.AssertionError" message="Negative Testing SignUp PopUp #1 PASSED, Please enter a valid email address.">
      <![CDATA[java.lang.AssertionError: Negative Testing SignUp PopUp #1 PASSED, Please enter a valid email address.
at com.UrbanLadder.BaseClass.ReUseable_Classes.reportFail(ReUseable_Classes.java:46)
at com.UrbanLadder.BaseClass.Useable_Classes.negative_testing_SignupPopup(Useable_Classes.java:452)
at com.UrbanLadder.TestCases.Negative_Testing.Negative_Testing_SignUpPopup(Negative_Testing.java:45)
... Removed 29 stack frames]]>
    </failure>
  </testcase> <!-- Negative_Testing_SignUpPopup -->
  <testcase classname="com.UrbanLadder.TestCases.Negative_Testing" name="Negative_Testing__TrackOrders" time="20.612">
    <failure type="java.lang.AssertionError" message="Negative Testing Track Orders #2 PASSED, Please enter valid 10 digit mobile number">
      <![CDATA[java.lang.AssertionError: Negative Testing Track Orders #2 PASSED, Please enter valid 10 digit mobile number
at com.UrbanLadder.BaseClass.ReUseable_Classes.reportFail(ReUseable_Classes.java:46)
at com.UrbanLadder.BaseClass.Useable_Classes.negative_testing_TrackOrders(Useable_Classes.java:523)
at com.UrbanLadder.TestCases.Negative_Testing.Negative_Testing__TrackOrders(Negative_Testing.java:67)
... Removed 29 stack frames]]>
    </failure>
  </testcase> <!-- Negative_Testing__TrackOrders -->
</testsuite> <!-- Negative Testing -->
