<?xml version="1.0" encoding="UTF-8"?>
<testng-results ignored="0" total="20" passed="18" failed="2" skipped="0">
  <reporter-output>
  </reporter-output>
  <suite started-at="2020-07-23T18:55:56Z" name="Suite" finished-at="2020-07-23T18:58:36Z" duration-ms="159924">
    <groups>
    </groups>
    <test started-at="2020-07-23T18:55:56Z" name="Positive Testing" finished-at="2020-07-23T18:57:30Z" duration-ms="93528">
      <class name="com.UrbanLadder.TestCases.Positive_Testing">
        <test-method signature="Homepage()[pri:1, instance:com.UrbanLadder.TestCases.Positive_Testing@51671b08]" started-at="2020-07-23T18:55:56Z" name="Homepage" finished-at="2020-07-23T18:56:07Z" duration-ms="10424" status="PASS">
          <reporter-output>
          </reporter-output>
        </test-method> <!-- Homepage -->
        <test-method signature="ImplicitWait()[pri:2, instance:com.UrbanLadder.TestCases.Positive_Testing@51671b08]" started-at="2020-07-23T18:56:07Z" name="ImplicitWait" finished-at="2020-07-23T18:56:14Z" duration-ms="7240" status="PASS">
          <reporter-output>
          </reporter-output>
        </test-method> <!-- ImplicitWait -->
        <test-method signature="PopUpClose()[pri:3, instance:com.UrbanLadder.TestCases.Positive_Testing@51671b08]" started-at="2020-07-23T18:56:14Z" name="PopUpClose" finished-at="2020-07-23T18:56:14Z" duration-ms="185" status="PASS">
          <reporter-output>
          </reporter-output>
        </test-method> <!-- PopUpClose -->
        <test-method signature="Search_Bookshelves()[pri:4, instance:com.UrbanLadder.TestCases.Positive_Testing@51671b08]" started-at="2020-07-23T18:56:14Z" name="Search_Bookshelves" finished-at="2020-07-23T18:56:17Z" duration-ms="2662" status="PASS">
          <reporter-output>
          </reporter-output>
        </test-method> <!-- Search_Bookshelves -->
        <test-method signature="SelectCategoryForBookshelves()[pri:5, instance:com.UrbanLadder.TestCases.Positive_Testing@51671b08]" started-at="2020-07-23T18:56:17Z" name="SelectCategoryForBookshelves" finished-at="2020-07-23T18:56:21Z" duration-ms="4320" status="PASS">
          <reporter-output>
          </reporter-output>
        </test-method> <!-- SelectCategoryForBookshelves -->
        <test-method signature="Select_Bookshelf_Price()[pri:6, instance:com.UrbanLadder.TestCases.Positive_Testing@51671b08]" started-at="2020-07-23T18:56:21Z" name="Select_Bookshelf_Price" finished-at="2020-07-23T18:56:25Z" duration-ms="4421" status="PASS">
          <reporter-output>
          </reporter-output>
        </test-method> <!-- Select_Bookshelf_Price -->
        <test-method signature="HoverOverStorageType()[pri:7, instance:com.UrbanLadder.TestCases.Positive_Testing@51671b08]" started-at="2020-07-23T18:56:25Z" name="HoverOverStorageType" finished-at="2020-07-23T18:56:27Z" duration-ms="1242" status="PASS">
          <reporter-output>
          </reporter-output>
        </test-method> <!-- HoverOverStorageType -->
        <test-method signature="SelectOpenStorage()[pri:8, instance:com.UrbanLadder.TestCases.Positive_Testing@51671b08]" started-at="2020-07-23T18:56:27Z" name="SelectOpenStorage" finished-at="2020-07-23T18:56:33Z" duration-ms="6690" status="PASS">
          <reporter-output>
          </reporter-output>
        </test-method> <!-- SelectOpenStorage -->
        <test-method signature="AssertionCheckForBookshelves()[pri:9, instance:com.UrbanLadder.TestCases.Positive_Testing@51671b08]" started-at="2020-07-23T18:56:33Z" name="AssertionCheckForBookshelves" finished-at="2020-07-23T18:56:33Z" duration-ms="85" status="PASS">
          <reporter-output>
          </reporter-output>
        </test-method> <!-- AssertionCheckForBookshelves -->
        <test-method signature="Bookshelves_ScreenShot()[pri:10, instance:com.UrbanLadder.TestCases.Positive_Testing@51671b08]" started-at="2020-07-23T18:56:33Z" name="Bookshelves_ScreenShot" finished-at="2020-07-23T18:56:35Z" duration-ms="1569" status="PASS">
          <reporter-output>
          </reporter-output>
        </test-method> <!-- Bookshelves_ScreenShot -->
        <test-method signature="WriteExcelBookshelves()[pri:11, instance:com.UrbanLadder.TestCases.Positive_Testing@51671b08]" started-at="2020-07-23T18:56:35Z" name="WriteExcelBookshelves" finished-at="2020-07-23T18:56:36Z" duration-ms="550" status="PASS">
          <reporter-output>
          </reporter-output>
        </test-method> <!-- WriteExcelBookshelves -->
        <test-method signature="Search_StudyChairs()[pri:12, instance:com.UrbanLadder.TestCases.Positive_Testing@51671b08]" started-at="2020-07-23T18:56:36Z" name="Search_StudyChairs" finished-at="2020-07-23T18:56:40Z" duration-ms="4130" status="PASS">
          <reporter-output>
          </reporter-output>
        </test-method> <!-- Search_StudyChairs -->
        <test-method signature="SelectCategoryForStudyChairs()[pri:13, instance:com.UrbanLadder.TestCases.Positive_Testing@51671b08]" started-at="2020-07-23T18:56:40Z" name="SelectCategoryForStudyChairs" finished-at="2020-07-23T18:56:45Z" duration-ms="5300" status="PASS">
          <reporter-output>
          </reporter-output>
        </test-method> <!-- SelectCategoryForStudyChairs -->
        <test-method signature="AssertionCheckForStudyChairs()[pri:14, instance:com.UrbanLadder.TestCases.Positive_Testing@51671b08]" started-at="2020-07-23T18:56:45Z" name="AssertionCheckForStudyChairs" finished-at="2020-07-23T18:56:45Z" duration-ms="83" status="PASS">
          <reporter-output>
          </reporter-output>
        </test-method> <!-- AssertionCheckForStudyChairs -->
        <test-method signature="Study_Chairs_ScreenShot()[pri:15, instance:com.UrbanLadder.TestCases.Positive_Testing@51671b08]" started-at="2020-07-23T18:56:45Z" name="Study_Chairs_ScreenShot" finished-at="2020-07-23T18:56:47Z" duration-ms="1546" status="PASS">
          <reporter-output>
          </reporter-output>
        </test-method> <!-- Study_Chairs_ScreenShot -->
        <test-method signature="WriteExcelChairs()[pri:16, instance:com.UrbanLadder.TestCases.Positive_Testing@51671b08]" started-at="2020-07-23T18:56:47Z" name="WriteExcelChairs" finished-at="2020-07-23T18:56:48Z" duration-ms="1484" status="PASS">
          <reporter-output>
          </reporter-output>
        </test-method> <!-- WriteExcelChairs -->
        <test-method signature="Search_Table()[pri:17, instance:com.UrbanLadder.TestCases.Positive_Testing@51671b08]" started-at="2020-07-23T18:56:48Z" name="Search_Table" finished-at="2020-07-23T18:57:18Z" duration-ms="29730" status="PASS">
          <reporter-output>
          </reporter-output>
        </test-method> <!-- Search_Table -->
        <test-method signature="Select_Table()[pri:18, instance:com.UrbanLadder.TestCases.Positive_Testing@51671b08]" started-at="2020-07-23T18:57:18Z" name="Select_Table" finished-at="2020-07-23T18:57:30Z" duration-ms="11843" status="PASS">
          <reporter-output>
          </reporter-output>
        </test-method> <!-- Select_Table -->
      </class> <!-- com.UrbanLadder.TestCases.Positive_Testing -->
    </test> <!-- Positive Testing -->
    <test started-at="2020-07-23T18:57:30Z" name="Negative Testing" finished-at="2020-07-23T18:58:36Z" duration-ms="66373">
      <class name="com.UrbanLadder.TestCases.Negative_Testing">
        <test-method is-config="true" signature="openbrowser()[pri:0, instance:com.UrbanLadder.TestCases.Negative_Testing@328572f0]" started-at="2020-07-23T18:57:30Z" name="openbrowser" finished-at="2020-07-23T18:57:48Z" duration-ms="18050" status="PASS">
          <reporter-output>
          </reporter-output>
        </test-method> <!-- openbrowser -->
        <test-method signature="Negative_Testing_SignUpPopup()[pri:1, instance:com.UrbanLadder.TestCases.Negative_Testing@328572f0]" started-at="2020-07-23T18:57:48Z" name="Negative_Testing_SignUpPopup" finished-at="2020-07-23T18:58:04Z" duration-ms="16410" status="FAIL">
          <exception class="java.lang.AssertionError">
            <message>
              <![CDATA[Negative Testing SignUp PopUp #1 PASSED, Please enter a valid email address.]]>
            </message>
            <full-stacktrace>
              <![CDATA[java.lang.AssertionError: Negative Testing SignUp PopUp #1 PASSED, Please enter a valid email address.
at org.testng.Assert.fail(Assert.java:96)
at com.UrbanLadder.BaseClass.ReUseable_Classes.reportFail(ReUseable_Classes.java:46)
at com.UrbanLadder.BaseClass.Useable_Classes.negative_testing_SignupPopup(Useable_Classes.java:452)
at com.UrbanLadder.TestCases.Negative_Testing.Negative_Testing_SignUpPopup(Negative_Testing.java:45)
at java.base/jdk.internal.reflect.NativeMethodAccessorImpl.invoke0(Native Method)
at java.base/jdk.internal.reflect.NativeMethodAccessorImpl.invoke(NativeMethodAccessorImpl.java:62)
at java.base/jdk.internal.reflect.DelegatingMethodAccessorImpl.invoke(DelegatingMethodAccessorImpl.java:43)
at java.base/java.lang.reflect.Method.invoke(Method.java:566)
at org.testng.internal.MethodInvocationHelper.invokeMethod(MethodInvocationHelper.java:124)
at org.testng.internal.Invoker.invokeMethod(Invoker.java:583)
at org.testng.internal.Invoker.invokeTestMethod(Invoker.java:719)
at org.testng.internal.Invoker.invokeTestMethods(Invoker.java:989)
at org.testng.internal.TestMethodWorker.invokeTestMethods(TestMethodWorker.java:125)
at org.testng.internal.TestMethodWorker.run(TestMethodWorker.java:109)
at org.testng.TestRunner.privateRun(TestRunner.java:648)
at org.testng.TestRunner.run(TestRunner.java:505)
at org.testng.SuiteRunner.runTest(SuiteRunner.java:455)
at org.testng.SuiteRunner.runSequentially(SuiteRunner.java:450)
at org.testng.SuiteRunner.privateRun(SuiteRunner.java:415)
at org.testng.SuiteRunner.run(SuiteRunner.java:364)
at org.testng.SuiteRunnerWorker.runSuite(SuiteRunnerWorker.java:52)
at org.testng.SuiteRunnerWorker.run(SuiteRunnerWorker.java:84)
at org.testng.TestNG.runSuitesSequentially(TestNG.java:1208)
at org.testng.TestNG.runSuitesLocally(TestNG.java:1137)
at org.testng.TestNG.runSuites(TestNG.java:1049)
at org.testng.TestNG.run(TestNG.java:1017)
at org.apache.maven.surefire.testng.TestNGExecutor.run(TestNGExecutor.java:293)
at org.apache.maven.surefire.testng.TestNGXmlTestSuite.execute(TestNGXmlTestSuite.java:84)
at org.apache.maven.surefire.testng.TestNGProvider.invoke(TestNGProvider.java:91)
at org.apache.maven.surefire.booter.ForkedBooter.invokeProviderInSameClassLoader(ForkedBooter.java:200)
at org.apache.maven.surefire.booter.ForkedBooter.runSuitesInProcess(ForkedBooter.java:153)
at org.apache.maven.surefire.booter.ForkedBooter.main(ForkedBooter.java:103)
]]>
            </full-stacktrace>
          </exception> <!-- java.lang.AssertionError -->
          <reporter-output>
          </reporter-output>
        </test-method> <!-- Negative_Testing_SignUpPopup -->
        <test-method is-config="true" signature="closebrowser()[pri:0, instance:com.UrbanLadder.TestCases.Negative_Testing@328572f0]" started-at="2020-07-23T18:58:04Z" name="closebrowser" finished-at="2020-07-23T18:58:05Z" duration-ms="687" status="PASS">
          <reporter-output>
          </reporter-output>
        </test-method> <!-- closebrowser -->
        <test-method is-config="true" signature="openbrowser()[pri:0, instance:com.UrbanLadder.TestCases.Negative_Testing@328572f0]" started-at="2020-07-23T18:58:05Z" name="openbrowser" finished-at="2020-07-23T18:58:15Z" duration-ms="9938" status="PASS">
          <reporter-output>
          </reporter-output>
        </test-method> <!-- openbrowser -->
        <test-method signature="Negative_Testing__TrackOrders()[pri:2, instance:com.UrbanLadder.TestCases.Negative_Testing@328572f0]" started-at="2020-07-23T18:58:15Z" name="Negative_Testing__TrackOrders" finished-at="2020-07-23T18:58:35Z" duration-ms="20612" status="FAIL">
          <exception class="java.lang.AssertionError">
            <message>
              <![CDATA[Negative Testing Track Orders #2 PASSED, Please enter valid 10 digit mobile number]]>
            </message>
            <full-stacktrace>
              <![CDATA[java.lang.AssertionError: Negative Testing Track Orders #2 PASSED, Please enter valid 10 digit mobile number
at org.testng.Assert.fail(Assert.java:96)
at com.UrbanLadder.BaseClass.ReUseable_Classes.reportFail(ReUseable_Classes.java:46)
at com.UrbanLadder.BaseClass.Useable_Classes.negative_testing_TrackOrders(Useable_Classes.java:523)
at com.UrbanLadder.TestCases.Negative_Testing.Negative_Testing__TrackOrders(Negative_Testing.java:67)
at java.base/jdk.internal.reflect.NativeMethodAccessorImpl.invoke0(Native Method)
at java.base/jdk.internal.reflect.NativeMethodAccessorImpl.invoke(NativeMethodAccessorImpl.java:62)
at java.base/jdk.internal.reflect.DelegatingMethodAccessorImpl.invoke(DelegatingMethodAccessorImpl.java:43)
at java.base/java.lang.reflect.Method.invoke(Method.java:566)
at org.testng.internal.MethodInvocationHelper.invokeMethod(MethodInvocationHelper.java:124)
at org.testng.internal.Invoker.invokeMethod(Invoker.java:583)
at org.testng.internal.Invoker.invokeTestMethod(Invoker.java:719)
at org.testng.internal.Invoker.invokeTestMethods(Invoker.java:989)
at org.testng.internal.TestMethodWorker.invokeTestMethods(TestMethodWorker.java:125)
at org.testng.internal.TestMethodWorker.run(TestMethodWorker.java:109)
at org.testng.TestRunner.privateRun(TestRunner.java:648)
at org.testng.TestRunner.run(TestRunner.java:505)
at org.testng.SuiteRunner.runTest(SuiteRunner.java:455)
at org.testng.SuiteRunner.runSequentially(SuiteRunner.java:450)
at org.testng.SuiteRunner.privateRun(SuiteRunner.java:415)
at org.testng.SuiteRunner.run(SuiteRunner.java:364)
at org.testng.SuiteRunnerWorker.runSuite(SuiteRunnerWorker.java:52)
at org.testng.SuiteRunnerWorker.run(SuiteRunnerWorker.java:84)
at org.testng.TestNG.runSuitesSequentially(TestNG.java:1208)
at org.testng.TestNG.runSuitesLocally(TestNG.java:1137)
at org.testng.TestNG.runSuites(TestNG.java:1049)
at org.testng.TestNG.run(TestNG.java:1017)
at org.apache.maven.surefire.testng.TestNGExecutor.run(TestNGExecutor.java:293)
at org.apache.maven.surefire.testng.TestNGXmlTestSuite.execute(TestNGXmlTestSuite.java:84)
at org.apache.maven.surefire.testng.TestNGProvider.invoke(TestNGProvider.java:91)
at org.apache.maven.surefire.booter.ForkedBooter.invokeProviderInSameClassLoader(ForkedBooter.java:200)
at org.apache.maven.surefire.booter.ForkedBooter.runSuitesInProcess(ForkedBooter.java:153)
at org.apache.maven.surefire.booter.ForkedBooter.main(ForkedBooter.java:103)
]]>
            </full-stacktrace>
          </exception> <!-- java.lang.AssertionError -->
          <reporter-output>
          </reporter-output>
        </test-method> <!-- Negative_Testing__TrackOrders -->
        <test-method is-config="true" signature="closebrowser()[pri:0, instance:com.UrbanLadder.TestCases.Negative_Testing@328572f0]" started-at="2020-07-23T18:58:35Z" name="closebrowser" finished-at="2020-07-23T18:58:36Z" duration-ms="672" status="PASS">
          <reporter-output>
          </reporter-output>
        </test-method> <!-- closebrowser -->
      </class> <!-- com.UrbanLadder.TestCases.Negative_Testing -->
    </test> <!-- Negative Testing -->
  </suite> <!-- Suite -->
</testng-results>
