<?xml version="1.0" encoding="UTF-8"?>
<testng-results ignored="0" total="20" passed="18" failed="2" skipped="0">
  <reporter-output>
  </reporter-output>
  <suite started-at="2020-07-24T01:21:18 IST" name="Suite" finished-at="2020-07-24T01:24:53 IST" duration-ms="215073">
    <groups>
    </groups>
    <test started-at="2020-07-24T01:21:18 IST" name="Positive Testing" finished-at="2020-07-24T01:23:45 IST" duration-ms="146370">
      <class name="com.UrbanLadder.TestCases.Positive_Testing">
        <test-method signature="Homepage()[pri:1, instance:com.UrbanLadder.TestCases.Positive_Testing@64c2b546]" started-at="2020-07-24T01:21:18 IST" name="Homepage" finished-at="2020-07-24T01:21:50 IST" duration-ms="31718" status="PASS">
          <reporter-output>
          </reporter-output>
        </test-method> <!-- Homepage -->
        <test-method signature="ImplicitWait()[pri:2, instance:com.UrbanLadder.TestCases.Positive_Testing@64c2b546]" started-at="2020-07-24T01:21:50 IST" name="ImplicitWait" finished-at="2020-07-24T01:21:50 IST" duration-ms="170" status="PASS">
          <reporter-output>
          </reporter-output>
        </test-method> <!-- ImplicitWait -->
        <test-method signature="PopUpClose()[pri:3, instance:com.UrbanLadder.TestCases.Positive_Testing@64c2b546]" started-at="2020-07-24T01:21:50 IST" name="PopUpClose" finished-at="2020-07-24T01:21:51 IST" duration-ms="304" status="PASS">
          <reporter-output>
          </reporter-output>
        </test-method> <!-- PopUpClose -->
        <test-method signature="Search_Bookshelves()[pri:4, instance:com.UrbanLadder.TestCases.Positive_Testing@64c2b546]" started-at="2020-07-24T01:21:51 IST" name="Search_Bookshelves" finished-at="2020-07-24T01:21:53 IST" duration-ms="2898" status="PASS">
          <reporter-output>
          </reporter-output>
        </test-method> <!-- Search_Bookshelves -->
        <test-method signature="SelectCategoryForBookshelves()[pri:5, instance:com.UrbanLadder.TestCases.Positive_Testing@64c2b546]" started-at="2020-07-24T01:21:53 IST" name="SelectCategoryForBookshelves" finished-at="2020-07-24T01:21:58 IST" duration-ms="4164" status="PASS">
          <reporter-output>
          </reporter-output>
        </test-method> <!-- SelectCategoryForBookshelves -->
        <test-method signature="Select_Bookshelf_Price()[pri:6, instance:com.UrbanLadder.TestCases.Positive_Testing@64c2b546]" started-at="2020-07-24T01:21:58 IST" name="Select_Bookshelf_Price" finished-at="2020-07-24T01:22:02 IST" duration-ms="4184" status="PASS">
          <reporter-output>
          </reporter-output>
        </test-method> <!-- Select_Bookshelf_Price -->
        <test-method signature="HoverOverStorageType()[pri:7, instance:com.UrbanLadder.TestCases.Positive_Testing@64c2b546]" started-at="2020-07-24T01:22:02 IST" name="HoverOverStorageType" finished-at="2020-07-24T01:22:03 IST" duration-ms="1218" status="PASS">
          <reporter-output>
          </reporter-output>
        </test-method> <!-- HoverOverStorageType -->
        <test-method signature="SelectOpenStorage()[pri:8, instance:com.UrbanLadder.TestCases.Positive_Testing@64c2b546]" started-at="2020-07-24T01:22:03 IST" name="SelectOpenStorage" finished-at="2020-07-24T01:22:22 IST" duration-ms="19169" status="PASS">
          <reporter-output>
          </reporter-output>
        </test-method> <!-- SelectOpenStorage -->
        <test-method signature="AssertionCheckForBookshelves()[pri:9, instance:com.UrbanLadder.TestCases.Positive_Testing@64c2b546]" started-at="2020-07-24T01:22:22 IST" name="AssertionCheckForBookshelves" finished-at="2020-07-24T01:22:22 IST" duration-ms="46" status="PASS">
          <reporter-output>
          </reporter-output>
        </test-method> <!-- AssertionCheckForBookshelves -->
        <test-method signature="Bookshelves_ScreenShot()[pri:10, instance:com.UrbanLadder.TestCases.Positive_Testing@64c2b546]" started-at="2020-07-24T01:22:22 IST" name="Bookshelves_ScreenShot" finished-at="2020-07-24T01:22:23 IST" duration-ms="1237" status="PASS">
          <reporter-output>
          </reporter-output>
        </test-method> <!-- Bookshelves_ScreenShot -->
        <test-method signature="WriteExcelBookshelves()[pri:11, instance:com.UrbanLadder.TestCases.Positive_Testing@64c2b546]" started-at="2020-07-24T01:22:23 IST" name="WriteExcelBookshelves" finished-at="2020-07-24T01:22:24 IST" duration-ms="299" status="PASS">
          <reporter-output>
          </reporter-output>
        </test-method> <!-- WriteExcelBookshelves -->
        <test-method signature="Search_StudyChairs()[pri:12, instance:com.UrbanLadder.TestCases.Positive_Testing@64c2b546]" started-at="2020-07-24T01:22:24 IST" name="Search_StudyChairs" finished-at="2020-07-24T01:22:26 IST" duration-ms="2244" status="PASS">
          <reporter-output>
          </reporter-output>
        </test-method> <!-- Search_StudyChairs -->
        <test-method signature="SelectCategoryForStudyChairs()[pri:13, instance:com.UrbanLadder.TestCases.Positive_Testing@64c2b546]" started-at="2020-07-24T01:22:26 IST" name="SelectCategoryForStudyChairs" finished-at="2020-07-24T01:22:31 IST" duration-ms="5132" status="PASS">
          <reporter-output>
          </reporter-output>
        </test-method> <!-- SelectCategoryForStudyChairs -->
        <test-method signature="AssertionCheckForStudyChairs()[pri:14, instance:com.UrbanLadder.TestCases.Positive_Testing@64c2b546]" started-at="2020-07-24T01:22:31 IST" name="AssertionCheckForStudyChairs" finished-at="2020-07-24T01:22:31 IST" duration-ms="48" status="PASS">
          <reporter-output>
          </reporter-output>
        </test-method> <!-- AssertionCheckForStudyChairs -->
        <test-method signature="Study_Chairs_ScreenShot()[pri:15, instance:com.UrbanLadder.TestCases.Positive_Testing@64c2b546]" started-at="2020-07-24T01:22:31 IST" name="Study_Chairs_ScreenShot" finished-at="2020-07-24T01:22:32 IST" duration-ms="1220" status="PASS">
          <reporter-output>
          </reporter-output>
        </test-method> <!-- Study_Chairs_ScreenShot -->
        <test-method signature="WriteExcelChairs()[pri:16, instance:com.UrbanLadder.TestCases.Positive_Testing@64c2b546]" started-at="2020-07-24T01:22:32 IST" name="WriteExcelChairs" finished-at="2020-07-24T01:22:34 IST" duration-ms="1201" status="PASS">
          <reporter-output>
          </reporter-output>
        </test-method> <!-- WriteExcelChairs -->
        <test-method signature="Search_Table()[pri:17, instance:com.UrbanLadder.TestCases.Positive_Testing@64c2b546]" started-at="2020-07-24T01:22:34 IST" name="Search_Table" finished-at="2020-07-24T01:23:30 IST" duration-ms="56696" status="PASS">
          <reporter-output>
          </reporter-output>
        </test-method> <!-- Search_Table -->
        <test-method signature="Select_Table()[pri:18, instance:com.UrbanLadder.TestCases.Positive_Testing@64c2b546]" started-at="2020-07-24T01:23:30 IST" name="Select_Table" finished-at="2020-07-24T01:23:45 IST" duration-ms="14379" status="PASS">
          <reporter-output>
          </reporter-output>
        </test-method> <!-- Select_Table -->
      </class> <!-- com.UrbanLadder.TestCases.Positive_Testing -->
    </test> <!-- Positive Testing -->
    <test started-at="2020-07-24T01:23:45 IST" name="Negative Testing" finished-at="2020-07-24T01:24:53 IST" duration-ms="68687">
      <class name="com.UrbanLadder.TestCases.Negative_Testing">
        <test-method is-config="true" signature="openbrowser()[pri:0, instance:com.UrbanLadder.TestCases.Negative_Testing@5f7f2382]" started-at="2020-07-24T01:23:45 IST" name="openbrowser" finished-at="2020-07-24T01:24:03 IST" duration-ms="18022" status="PASS">
          <reporter-output>
          </reporter-output>
        </test-method> <!-- openbrowser -->
        <test-method signature="Negative_Testing_SignUpPopup()[pri:1, instance:com.UrbanLadder.TestCases.Negative_Testing@5f7f2382]" started-at="2020-07-24T01:24:03 IST" name="Negative_Testing_SignUpPopup" finished-at="2020-07-24T01:24:17 IST" duration-ms="14603" status="FAIL">
          <exception class="java.lang.AssertionError">
            <message>
              <![CDATA[Negative Testing SignUp PopUp #1 PASSED, Please enter a valid email address.]]>
            </message>
            <full-stacktrace>
              <![CDATA[java.lang.AssertionError: Negative Testing SignUp PopUp #1 PASSED, Please enter a valid email address.
at org.testng.Assert.fail(Assert.java:97)
at com.UrbanLadder.BaseClass.ReUseable_Classes.reportFail(ReUseable_Classes.java:46)
at com.UrbanLadder.BaseClass.Useable_Classes.negative_testing_SignupPopup(Useable_Classes.java:451)
at com.UrbanLadder.TestCases.Negative_Testing.Negative_Testing_SignUpPopup(Negative_Testing.java:45)
at java.base/jdk.internal.reflect.NativeMethodAccessorImpl.invoke0(Native Method)
at java.base/jdk.internal.reflect.NativeMethodAccessorImpl.invoke(NativeMethodAccessorImpl.java:62)
at java.base/jdk.internal.reflect.DelegatingMethodAccessorImpl.invoke(DelegatingMethodAccessorImpl.java:43)
at java.base/java.lang.reflect.Method.invoke(Method.java:566)
at org.testng.internal.MethodInvocationHelper.invokeMethod(MethodInvocationHelper.java:135)
at org.testng.internal.TestInvoker.invokeMethod(TestInvoker.java:598)
at org.testng.internal.TestInvoker.invokeTestMethod(TestInvoker.java:174)
at org.testng.internal.MethodRunner.runInSequence(MethodRunner.java:46)
at org.testng.internal.TestInvoker$MethodInvocationAgent.invoke(TestInvoker.java:821)
at org.testng.internal.TestInvoker.invokeTestMethods(TestInvoker.java:147)
at org.testng.internal.TestMethodWorker.invokeTestMethods(TestMethodWorker.java:146)
at org.testng.internal.TestMethodWorker.run(TestMethodWorker.java:128)
at java.base/java.util.ArrayList.forEach(ArrayList.java:1540)
at org.testng.TestRunner.privateRun(TestRunner.java:767)
at org.testng.TestRunner.run(TestRunner.java:588)
at org.testng.SuiteRunner.runTest(SuiteRunner.java:384)
at org.testng.SuiteRunner.runSequentially(SuiteRunner.java:378)
at org.testng.SuiteRunner.privateRun(SuiteRunner.java:337)
at org.testng.SuiteRunner.run(SuiteRunner.java:286)
at org.testng.SuiteRunnerWorker.runSuite(SuiteRunnerWorker.java:53)
at org.testng.SuiteRunnerWorker.run(SuiteRunnerWorker.java:96)
at org.testng.TestNG.runSuitesSequentially(TestNG.java:1214)
at org.testng.TestNG.runSuitesLocally(TestNG.java:1136)
at org.testng.TestNG.runSuites(TestNG.java:1066)
at org.testng.TestNG.run(TestNG.java:1034)
at org.testng.remote.AbstractRemoteTestNG.run(AbstractRemoteTestNG.java:115)
at org.testng.remote.RemoteTestNG.initAndRun(RemoteTestNG.java:251)
at org.testng.remote.RemoteTestNG.main(RemoteTestNG.java:77)
]]>
            </full-stacktrace>
          </exception> <!-- java.lang.AssertionError -->
          <reporter-output>
          </reporter-output>
        </test-method> <!-- Negative_Testing_SignUpPopup -->
        <test-method is-config="true" signature="closebrowser()[pri:0, instance:com.UrbanLadder.TestCases.Negative_Testing@5f7f2382]" started-at="2020-07-24T01:24:17 IST" name="closebrowser" finished-at="2020-07-24T01:24:18 IST" duration-ms="709" status="PASS">
          <reporter-output>
          </reporter-output>
        </test-method> <!-- closebrowser -->
        <test-method is-config="true" signature="openbrowser()[pri:0, instance:com.UrbanLadder.TestCases.Negative_Testing@5f7f2382]" started-at="2020-07-24T01:24:18 IST" name="openbrowser" finished-at="2020-07-24T01:24:30 IST" duration-ms="12313" status="PASS">
          <reporter-output>
          </reporter-output>
        </test-method> <!-- openbrowser -->
        <test-method signature="Negative_Testing__TrackOrders()[pri:2, instance:com.UrbanLadder.TestCases.Negative_Testing@5f7f2382]" started-at="2020-07-24T01:24:30 IST" name="Negative_Testing__TrackOrders" finished-at="2020-07-24T01:24:53 IST" duration-ms="22332" status="FAIL">
          <exception class="java.lang.AssertionError">
            <message>
              <![CDATA[Negative Testing Track Orders #2 PASSED, Please enter valid 10 digit mobile number]]>
            </message>
            <full-stacktrace>
              <![CDATA[java.lang.AssertionError: Negative Testing Track Orders #2 PASSED, Please enter valid 10 digit mobile number
at org.testng.Assert.fail(Assert.java:97)
at com.UrbanLadder.BaseClass.ReUseable_Classes.reportFail(ReUseable_Classes.java:46)
at com.UrbanLadder.BaseClass.Useable_Classes.negative_testing_TrackOrders(Useable_Classes.java:522)
at com.UrbanLadder.TestCases.Negative_Testing.Negative_Testing__TrackOrders(Negative_Testing.java:67)
at java.base/jdk.internal.reflect.NativeMethodAccessorImpl.invoke0(Native Method)
at java.base/jdk.internal.reflect.NativeMethodAccessorImpl.invoke(NativeMethodAccessorImpl.java:62)
at java.base/jdk.internal.reflect.DelegatingMethodAccessorImpl.invoke(DelegatingMethodAccessorImpl.java:43)
at java.base/java.lang.reflect.Method.invoke(Method.java:566)
at org.testng.internal.MethodInvocationHelper.invokeMethod(MethodInvocationHelper.java:135)
at org.testng.internal.TestInvoker.invokeMethod(TestInvoker.java:598)
at org.testng.internal.TestInvoker.invokeTestMethod(TestInvoker.java:174)
at org.testng.internal.MethodRunner.runInSequence(MethodRunner.java:46)
at org.testng.internal.TestInvoker$MethodInvocationAgent.invoke(TestInvoker.java:821)
at org.testng.internal.TestInvoker.invokeTestMethods(TestInvoker.java:147)
at org.testng.internal.TestMethodWorker.invokeTestMethods(TestMethodWorker.java:146)
at org.testng.internal.TestMethodWorker.run(TestMethodWorker.java:128)
at java.base/java.util.ArrayList.forEach(ArrayList.java:1540)
at org.testng.TestRunner.privateRun(TestRunner.java:767)
at org.testng.TestRunner.run(TestRunner.java:588)
at org.testng.SuiteRunner.runTest(SuiteRunner.java:384)
at org.testng.SuiteRunner.runSequentially(SuiteRunner.java:378)
at org.testng.SuiteRunner.privateRun(SuiteRunner.java:337)
at org.testng.SuiteRunner.run(SuiteRunner.java:286)
at org.testng.SuiteRunnerWorker.runSuite(SuiteRunnerWorker.java:53)
at org.testng.SuiteRunnerWorker.run(SuiteRunnerWorker.java:96)
at org.testng.TestNG.runSuitesSequentially(TestNG.java:1214)
at org.testng.TestNG.runSuitesLocally(TestNG.java:1136)
at org.testng.TestNG.runSuites(TestNG.java:1066)
at org.testng.TestNG.run(TestNG.java:1034)
at org.testng.remote.AbstractRemoteTestNG.run(AbstractRemoteTestNG.java:115)
at org.testng.remote.RemoteTestNG.initAndRun(RemoteTestNG.java:251)
at org.testng.remote.RemoteTestNG.main(RemoteTestNG.java:77)
]]>
            </full-stacktrace>
          </exception> <!-- java.lang.AssertionError -->
          <reporter-output>
          </reporter-output>
        </test-method> <!-- Negative_Testing__TrackOrders -->
        <test-method is-config="true" signature="closebrowser()[pri:0, instance:com.UrbanLadder.TestCases.Negative_Testing@5f7f2382]" started-at="2020-07-24T01:24:53 IST" name="closebrowser" finished-at="2020-07-24T01:24:53 IST" duration-ms="704" status="PASS">
          <reporter-output>
          </reporter-output>
        </test-method> <!-- closebrowser -->
      </class> <!-- com.UrbanLadder.TestCases.Negative_Testing -->
    </test> <!-- Negative Testing -->
  </suite> <!-- Suite -->
</testng-results>
